INF: Server will listen on port: 9090.
INF: Enter 'quit', 'stats', 'pause', 'resume' or 'flush' on stdin.
INF: SHM not found, creating new.
INF: SHM initialized (first process).
INF: My IP: '127.0.0.1'  port: 9090
INF: Client IP: '127.0.0.1'  port: 55132
INF: PROD: Adam
INF: PROD: Adela
INF: PROD: Adrian
INF: PROD: Adriana
INF: PROD: Agata
INF: PROD: Albert
INF: PROD: Alena
INF: PROD: Ales
INF: PROD: Alex
INF: My IP: '127.0.0.1'  port: 9090
INF: Client IP: '127.0.0.1'  port: 40986
INF: PROD: Alexande
INF: PROD: Alexandr
INF: PROD: Alexandra
INF: PROD: Alice
INF: PROD: Alzbeta
INF: PROD: Amalie
INF: PROD: Amelie
INF: PROD: Andrea
INF: PROD: Andrej
INF: PROD: Aneta
INF: PROD: Anezka
INF: PROD: Anna
INF: PROD: Antonin
INF: PROD: Bara
INF: PROD: Barbora
INF: PROD: Beata
INF: PROD: Benjamin
INF: PROD: Dalibor
INF: PROD: Damian
INF: PROD: Dan
INF: PROD: Daniel
INF: PROD: Daniela
INF: PROD: David
INF: PROD: Denis
INF: PROD: Denisa
INF: PROD: Diana
INF: PROD: Dominik
INF: PROD: Dominika
INF: PROD: Dorota
INF: PROD: Eduard
INF: PROD: Ela
INF: PROD: Elen
INF: PROD: Elena
INF: PROD: Elias
INF: PROD: Eliska
INF: PROD: Ella
INF: PROD: Ellen
INF: PROD: Ema
INF: PROD: Emma
INF: PROD: Erik
INF: PROD: Ester
INF: PROD: Eva
INF: PROD: Filip
INF: PROD: Frantise
INF: PROD: Gabriel
INF: PROD: Gabriela
INF: PROD: Hana
INF: PROD: Helena
INF: PROD: Hugo
INF: PROD: Hynek
INF: PROD: Ivan
INF: PROD: Izabela
INF: PROD: Jachym
INF: PROD: Jakub
INF: PROD: Jan
INF: PROD: Jana
INF: PROD: Jaromir
INF: PROD: Jaroslav
INF: PROD: Jindrich
INF: PROD: Jiri
INF: PROD: Johana
INF: PROD: Jolana
INF: PROD: Jonas
INF: PROD: Josef
INF: PROD: Josefina
INF: PROD: Julie
INF: Request to 'quit' entered.
INF: PROD: Justyna
INF: PROD: Kamil
INF: PROD: Kamila
INF: PROD: Karel
INF: PROD: Karolina
INF: PROD: Katerina
INF: PROD: Kevin
INF: PROD: Klara
INF: PROD: Klaudie
INF: PROD: Kristian
INF: PROD: Kristian
INF: PROD: Kristina
INF: PROD: Kristyna
INF: PROD: Krystof
INF: PROD: Ladislav
INF: PROD: Laura
INF: PROD: Lea
INF: PROD: Lenka
INF: PROD: Leona
INF: PROD: Leontyna
INF: PROD: Libor
INF: PROD: Liliana
INF: PROD: Linda
INF: PROD: Lubos
INF: PROD: Lucie
INF: PROD: Lukas
INF: PROD: Magdalena
INF: Consumer client disconnected
INF: PROD: Magdalena
INF: PROD: Marek
INF: PROD: Mariana
INF: Producer client disconnected
INF: Producer client finished, sent 105 items.
INF: Server will listen on port: 9090.
INF: Enter 'quit', 'stats', 'pause', 'resume' or 'flush' on stdin.
INF: SHM not found, creating new.
INF: SHM initialized (first process).
